C:\USERS\ASUS\DOCUMENTS\VISUAL STUDIO 2012\PROJECTS\PROJECT22\PROJECT22\DEBUG\3DTEXTURE.OBJ
C:\USERS\ASUS\DOCUMENTS\VISUAL STUDIO 2012\PROJECTS\PROJECT22\PROJECT22\DEBUG\CAMERA.OBJ
C:\USERS\ASUS\DOCUMENTS\VISUAL STUDIO 2012\PROJECTS\PROJECT22\PROJECT22\DEBUG\HEIGHTMAP.OBJ
C:\USERS\ASUS\DOCUMENTS\VISUAL STUDIO 2012\PROJECTS\PROJECT22\PROJECT22\DEBUG\MODEL_3DS.OBJ
C:\USERS\ASUS\DOCUMENTS\VISUAL STUDIO 2012\PROJECTS\PROJECT22\PROJECT22\DEBUG\SOURCE.OBJ
C:\USERS\ASUS\DOCUMENTS\VISUAL STUDIO 2012\PROJECTS\PROJECT22\PROJECT22\DEBUG\TEXTURE.OBJ
C:\USERS\ASUS\DOCUMENTS\VISUAL STUDIO 2012\PROJECTS\PROJECT22\PROJECT22\DEBUG\VC110.PDB
C:\USERS\ASUS\DOCUMENTS\VISUAL STUDIO 2012\PROJECTS\PROJECT22\DEBUG\PROJECT22.ILK
C:\USERS\ASUS\DOCUMENTS\VISUAL STUDIO 2012\PROJECTS\PROJECT22\DEBUG\PROJECT22.EXE
C:\USERS\ASUS\DOCUMENTS\VISUAL STUDIO 2012\PROJECTS\PROJECT22\DEBUG\PROJECT22.PDB
C:\Users\ASUS\documents\visual studio 2012\Projects\Project22\Project22\Debug\3DTexture.obj
C:\Users\ASUS\documents\visual studio 2012\Projects\Project22\Project22\Debug\camera.obj
C:\Users\ASUS\documents\visual studio 2012\Projects\Project22\Project22\Debug\heightMap.obj
C:\Users\ASUS\documents\visual studio 2012\Projects\Project22\Project22\Debug\Model_3DS.obj
C:\Users\ASUS\documents\visual studio 2012\Projects\Project22\Project22\Debug\Source.obj
C:\Users\ASUS\documents\visual studio 2012\Projects\Project22\Project22\Debug\texture.obj
C:\Users\ASUS\documents\visual studio 2012\Projects\Project22\Project22\Debug\cl.command.1.tlog
C:\Users\ASUS\documents\visual studio 2012\Projects\Project22\Project22\Debug\CL.read.1.tlog
C:\Users\ASUS\documents\visual studio 2012\Projects\Project22\Project22\Debug\CL.write.1.tlog
C:\Users\ASUS\documents\visual studio 2012\Projects\Project22\Project22\Debug\link-cvtres.read.1.tlog
C:\Users\ASUS\documents\visual studio 2012\Projects\Project22\Project22\Debug\link-cvtres.write.1.tlog
C:\Users\ASUS\documents\visual studio 2012\Projects\Project22\Project22\Debug\link-rc.read.1.tlog
C:\Users\ASUS\documents\visual studio 2012\Projects\Project22\Project22\Debug\link-rc.write.1.tlog
C:\Users\ASUS\documents\visual studio 2012\Projects\Project22\Project22\Debug\link.command.1.tlog
C:\Users\ASUS\documents\visual studio 2012\Projects\Project22\Project22\Debug\link.read.1.tlog
C:\Users\ASUS\documents\visual studio 2012\Projects\Project22\Project22\Debug\link.write.1.tlog
C:\Users\ASUS\documents\visual studio 2012\Projects\Project22\Project22\Debug\vc110.idb
C:\Users\ASUS\documents\visual studio 2012\Projects\Project22\Project22\Debug\vc110.pdb
C:\Users\ASUS\documents\visual studio 2012\Projects\Project22\Debug\Project22.pdb
C:\Users\ASUS\documents\visual studio 2012\Projects\Project22\Debug\Project22.exe
C:\Users\ASUS\documents\visual studio 2012\Projects\Project22\Debug\Project22.ilk
